2021-07-05 12:50:10,041 - instabot version: 0.117.0 (bot) - INFO - Instabot version: 0.117.0 Started
2021-07-05 12:50:10,041 - instabot version: 0.117.0 (bot) - DEBUG - Bot imported from C:\Users\Administrator\AppData\Local\Programs\Python\Python39\lib\site-packages\instabot\bot\bot.py
2021-07-05 12:50:10,041 - instabot version: 0.117.0 (api_login) - DEBUG - Loading cookies
2021-07-05 12:50:10,041 - instabot version: 0.117.0 (api_login) - DEBUG - Loading uuids
2021-07-05 12:50:10,041 - instabot version: 0.117.0 (api_login) - INFO - Recovery from E:\pythonProject\opencv/config/save_everythin_uuid_and_cookie.json: COOKIE True - UUIDs True - TIMING, DEVICE and ...
- user-agent=Instagram 117.0.0.28.123 Android (28/9.0; 420dpi; 1080x1920; OnePlus; ONEPLUS A3003; OnePlus3; qcom; en_US; 180322800)
- phone_id=8768c621-d556-4970-82d5-42e2a7430e2c
- uuid=cd7677bc-553f-4af1-8d75-66dc11412cc0
- client_session_id=a1fb3210-d1f4-48f8-8799-12a7e176f756
- device_id=android-94a3d6639e875f5a
2021-07-05 12:50:10,042 - instabot version: 0.117.0 (api_login) - INFO - LOGIN FLOW! Just logged-in: False
2021-07-05 12:50:11,200 - instabot version: 0.117.0 (api) - DEBUG - POST to endpoint: feed/timeline/ returned response: <Response [200]>
2021-07-05 12:50:11,641 - instabot version: 0.117.0 (api) - DEBUG - POST to endpoint: feed/reels_tray/ returned response: <Response [200]>
2021-07-05 12:50:11,642 - instabot version: 0.117.0 (api) - INFO - Logged-in successfully as 'save_everythin'!
2021-07-05 12:50:11,642 - instabot version: 0.117.0 (bot_checkpoint) - DEBUG - Loading Checkpoint file from: E:\pythonProject\opencv/config/save_everythin.checkpoint
2021-07-05 12:50:35,820 - instabot version: 0.117.0 (api) - DEBUG - POST to endpoint: media/configure/? returned response: <Response [200]>
2021-07-05 12:50:36,138 - instabot version: 0.117.0 (api) - DEBUG - POST to endpoint: qe/expose/ returned response: <Response [200]>
2021-07-05 12:50:36,138 - instabot version: 0.117.0 (bot_photo) - INFO - Photo 'F:/animals/forest.jpg' is uploaded.
2021-07-05 12:50:36,139 - instabot version: 0.117.0 (bot_checkpoint) - DEBUG - Saving Checkpoint file to: E:\pythonProject\opencv/config/save_everythin.checkpoint
2021-07-05 12:50:36,139 - instabot version: 0.117.0 (bot) - INFO - Total messages: 1/63
2021-07-05 12:50:36,139 - instabot version: 0.117.0 (bot) - INFO - Total requests: 35
